=== KR3W RUN 2026-02-03 ===
Generated: blog_2026-02-03.md
=== DONE ===
=== KR3W RUN 2026-02-03 days=7 ===
Generated: 2026-02-03 theme=hub
Generated: 2026-02-04 theme=wellness
Generated: 2026-02-05 theme=wellness
Generated: 2026-02-06 theme=merch
Generated: 2026-02-07 theme=hub
Generated: 2026-02-08 theme=merch
Generated: 2026-02-09 theme=hub
=== DONE ===
=== KR3W RUN 2026-02-03 days=7 ===
Generated: 2026-02-03 theme=hub
Generated: 2026-02-04 theme=wellness
Generated: 2026-02-05 theme=wellness
Generated: 2026-02-06 theme=merch
Generated: 2026-02-07 theme=hub
Generated: 2026-02-08 theme=merch
Generated: 2026-02-09 theme=hub
=== DONE ===
=== KR3W RUN 2026-02-04 ===
=== KR3W RUN 2026-02-04 days=1 ===
Generated: 2026-02-04 theme=wellness
=== DONE ===
Generated: blog_2026-02-04.md
=== DONE ===
=== KR3W RUN 2026-02-05 ===
=== KR3W RUN 2026-02-05 days=1 ===
Generated: 2026-02-05 theme=wellness
=== DONE ===
Generated: blog_2026-02-05.md
=== DONE ===
